== Info: Host pwa.zygin.dev:443 was resolved.
== Info: IPv6: (none)
== Info: IPv4: 139.59.132.104
== Info:   Trying 139.59.132.104:443...
== Info: Connected to pwa.zygin.dev (139.59.132.104) port 443
== Info: ALPN: curl offers h2,http/1.1
== Info: (304) (OUT), TLS handshake, Client hello (1):
=> Send SSL data, 318 bytes (0x13e)
0000: ...:..5..../....&..eq...o....N..8>+.l* ...[.U.NZ...D.uz-..l@6W.`
0040: ....{b..b.............0.,.(.$.......k.9...........=.5...../.+.'.
0080: #.......g.3...E...<./...A.......................+............3.&
00c0: .$... Tbn:..7!z...<...Edp......Z..9..H.........pwa.zygin.dev....
0100: ...................................................h2.http/1.1
== Info:  CAfile: /etc/ssl/cert.pem
== Info:  CApath: none
== Info: (304) (IN), TLS handshake, Server hello (2):
<= Recv SSL data, 122 bytes (0x7a)
0000: ...v..(I....4.FJ...}.Ny.X8...t........ ...[.U.NZ...D.uz-..l@6W.`
0040: ....{b.......+.....3.$... ..M...D..o.9.....".#.|....n....Q
== Info: (304) (IN), TLS handshake, Unknown (8):
<= Recv SSL data, 19 bytes (0x13)
0000: .................h2
== Info: (304) (IN), TLS handshake, Certificate (11):
<= Recv SSL data, 2874 bytes (0xb3a)
0000: ...6...2...0...0............$#g~.&TU..G..).]0...*.H........031.0
0040: ...U....US1.0...U....Let's Encrypt1.0...U....R110...250331140417
0080: Z..250629140416Z0.1.0...U....pwa.zygin.dev0.."0...*.H...........
00c0: ..0............6..We.WD.I..P...@......0..%#..?..0........\...j..
0100: =R.....q.......wC..5.].....G..D.....n45....]B.....s..z.A8..2...8
0140: ..BA.D.J.KUn'..o...V0...|^i....eC...K6Ob...E..(.;*.M.d.h...).F..
0180: 9....pK.?h..J.......".]...#......g)..5..~......d.o.....m.`.4..W3
01c0: .w*..p..F........5.........T..SI.....8..k.....C...(.:s^.........
0200: ..='...Rw..*w.!....y......-..t$S....NB....#...)"Ar......I.U.....
0240: V..(..q...\.2.A.C.~..F>.T.F R.'......jKh....&~....T.0.i..(1.Pz..
0280: ......B......R..;C=.......y.?.gu~.C7...9(-._3..QM..'.c.V..z....q
02c0: ..7...~.Z".........A0..=0...U...........0...U.%..0...+.........+
0300: .......0...U.......0.0...U........ys.,)...0......d?.0...U.#..0..
0340: ...F.....zl..-.^./&..0W..+........K0I0"..+.....0...http://r11.o.
0380: lencr.org0#..+.....0...http://r11.i.lencr.org/0...U....0...pwa.z
03c0: ygin.dev0...U. ..0.0...g.....0...U...'0%0#.!....http://r11.c.len
0400: cr.org/94.crl0.....+.....y............v.....E....~8.GgwS..[...+^
0440: .,..P.G........".....G0E.!..4....."b..D.a.K.R.0$....YR.=.... qv.
0480: U...w.....3...:.8.Mv...2m.....v...1c@w...A..q....@.......2...7.P
04c0: .......o.....G0E.!.......t.0j...O..........eO.c...%. ,..?.0.....
0500: .lSh...O.'...o&n..z.i0...*.H................\.@.....,......nM*<.
0540: l.i.u...\...*5.n..`... .4k.a"....U..x.9..j...">VW]..u....rRB...<
0580: .Q..n..A@^[;........^3.h..^....V.Ro...i..".dR...*.*k.0....d.@.V#
05c0: j.....J.4.....a..X..n".w....j....L......d{.mf....z........F..7].
0600: 1p..Pl..w.o.'?P........,.C..(%..} <...Vw......0...0............}
0640: >../0.#..).k4.0...*.H........0O1.0...U....US1)0'..U... Internet 
0680: Security Research Group1.0...U....ISRG Root X10...240313000000Z.
06c0: .270312235959Z031.0...U....US1.0...U....Let's Encrypt1.0...U....
0700: R110.."0...*.H.............0...........\..9.....g...<.N.a.&.R...
0740: ..(.(..'.$.9g.....:.;w....9TA.N.A..t.Q..{.X......1..r.rj..t..F.d
0780: ....."......&z?..X.{....q....1....PM_..v=Z......f...fCH..e.7....
07c0: 2.........'...c..l.'gK..(^i.y.I\.$P......{@m...A?.X./.\.........
0800: .9....E.x.e*.._<..\M...'+..BwSOyj...........0..0...U...........0
0840: ...U.%..0...+.........+.......0...U.......0.......0...U........F
0880: .....zl..-.^./&..0...U.#..0...y.Y.{....s.....X...n02..+........&
08c0: 0$0"..+.....0...http://x1.i.lencr.org/0...U. ..0.0...g.....0'..U
0900: ... 0.0.......http://x1.c.lencr.org/0...*.H.............N..]....
0940: 8....q\....7.zo.%............r......SH...iB...>5......_.....I...
0980: ....&...$.H M..T...!..6..wd)...K.]..y.....#...J.H1t.D....-.q.u{.
09c0: ....F.....tH%*....C......../.j..1.c..)..f,?..gQ.A<.M.....fc...#.
0a00: .S..q....q.6...*2..1|..s....J.jw.Z...E..*d.0>s.....;cJ.F....F@'`
0a40: c.P:.G..J..G..Z.b..l3.M.8.H-..h..].L.. A_h..Z.....1..C.IC...?.<.
0a80: .E0i..r.y..1.>#W..O.....w.o........9K.U..j.......K...;r.J.T...8.
0ac0: `..n5.u.T./.n....7.......uFOw..YV.f-n.).....^dE.,..dBD..O.......
0b00: ......c.f..r.........5.....s#t....;J..X.....5.~;E.0FRk....
== Info: (304) (IN), TLS handshake, CERT verify (15):
<= Recv SSL data, 520 bytes (0x208)
0000: ..........+L?#..u...;u.<..L......r..-{...=...[......4.3e7YcyV.1j
0040: ..l..K'q. .0z..Y...%.\.H.;....S....%d,..C..Yp.).(".....9..JL...D
0080: ....7..W....n<...2..bCeW.._.z....x..H.j.o7.@....xu+...@........T
00c0: .=.@.J.._2.g.W....H..xTX.....V,...@.1..]~..;..*...\U.....!d/..p^
0100: .......O(...!y,8j..3...T...C.f...0.rNe.|.|.@Z.#G.... 8.GG..-.r\)
0140: u?2...D...V|...A.Id...d.`......v+#sp'..Lk.L..."...8..ucUk..H....
0180: .+.u....K.....7.q.C.QF_.\.|.^.!p.U..$..B@.*S'...N...U.*/.......}
01c0: ...`2.-O...3h7..K....7El;x,.~.Xe~...LE.hK..`M.ii%....P.g61Y/....
0200: .._.@...
== Info: (304) (IN), TLS handshake, Finished (20):
<= Recv SSL data, 36 bytes (0x24)
0000: ... DY....X....Z...M.....8.&x4...U..
== Info: (304) (OUT), TLS handshake, Finished (20):
=> Send SSL data, 36 bytes (0x24)
0000: ... .....v...Q3.:....Ue....."wy....~
== Info: SSL connection using TLSv1.3 / AEAD-CHACHA20-POLY1305-SHA256 / [blank] / UNDEF
== Info: ALPN: server accepted h2
== Info: Server certificate:
== Info:  subject: CN=pwa.zygin.dev
== Info:  start date: Mar 31 14:04:17 2025 GMT
== Info:  expire date: Jun 29 14:04:16 2025 GMT
== Info:  subjectAltName: host "pwa.zygin.dev" matched cert's "pwa.zygin.dev"
== Info:  issuer: C=US; O=Let's Encrypt; CN=R11
== Info:  SSL certificate verify ok.
== Info: using HTTP/2
== Info: [HTTP/2] [1] OPENED stream for https://pwa.zygin.dev/
== Info: [HTTP/2] [1] [:method: GET]
== Info: [HTTP/2] [1] [:scheme: https]
== Info: [HTTP/2] [1] [:authority: pwa.zygin.dev]
== Info: [HTTP/2] [1] [:path: /]
== Info: [HTTP/2] [1] [user-agent: curl/8.7.1]
== Info: [HTTP/2] [1] [accept: */*]
=> Send header, 74 bytes (0x4a)
0000: GET / HTTP/2
000e: Host: pwa.zygin.dev
0023: User-Agent: curl/8.7.1
003b: Accept: */*
0048: 
